Base path: /Applications/Unity/Unity.app/Contents
Cmd: initializeCompiler
Cmd: compileComputeKernel
  api=14 insize=1386 outsize=7537 ok=1
Cmd: compileComputeKernel
  api=4 insize=3182 outsize=2253 ok=1
Cmd: compileComputeKernel
  api=14 insize=1484 outsize=781 ok=1
Cmd: compileComputeKernel
  api=14 insize=2285 outsize=7345 ok=1
Cmd: translateComputeKernel
  api=14 insize=7345 outsize=3141 ok=1
Cmd: compileComputeKernel
  api=4 insize=1386 outsize=585 ok=1
Cmd: compileComputeKernel
  api=4 insize=3182 outsize=593 ok=1
Cmd: compileComputeKernel
  api=14 insize=3182 outsize=7097 ok=1
Cmd: translateComputeKernel
  api=14 insize=7989 outsize=5301 ok=1
Cmd: compileComputeKernel
  api=14 insize=1484 outsize=7549 ok=1
Cmd: translateComputeKernel
  api=14 insize=7549 outsize=3561 ok=1
